<?xml version="1.0" encoding="UTF-8"?>
<testsuite name="CalculatorTest" tests="1" skipped="0" failures="0" errors="0" timestamp="2021-07-11T12:10:00" hostname="DESKTOP-KIIC8P4" time="0.537">
  <properties/>
  <testcase name="mockTest()" classname="CalculatorTest" time="0.537"/>
  <system-out><![CDATA[]]></system-out>
  <system-err><![CDATA[]]></system-err>
</testsuite>
